<?xml version="1.0" encoding="UTF-8"?>
<!-- Generated by org.testng.reporters.JUnitReportReporter -->
<testsuite hostname="BrendenT" name="com.baird.bairdWarnerMainTests.BairdSauceTest" tests="1" failures="0" timestamp="21 Feb 2015 07:45:00 GMT" time="21.473" errors="0">
  <testcase name="test_Account_Login_Page_Appear_Correct" time="21.473" classname="com.baird.bairdWarnerMainTests.BairdSauceTest"/>
</testsuite> <!-- com.baird.bairdWarnerMainTests.BairdSauceTest -->
