<?xml version="1.0" encoding="UTF-8"?>
<!-- Generated by org.testng.reporters.JUnitReportReporter -->
<testsuite hostname="BrendenT" name="bairdWarnerMainTests.TestSpoon" tests="1" failures="0" timestamp="29 Jan 2015 18:37:52 GMT" time="20.091" errors="0">
  <testcase name="test_Account_Login_Page_Appear_Correct" time="20.091" classname="bairdWarnerMainTests.TestSpoon"/>
</testsuite> <!-- bairdWarnerMainTests.TestSpoon -->
