<?xml version="1.0" encoding="UTF-8"?>
<!-- Generated by org.testng.reporters.JUnitReportReporter -->
<testsuite hostname="Blood_Ocean" name="com.baird.bairdWarnerMainTests.BaseTest" tests="1" failures="0" timestamp="17 Feb 2015 00:43:24 GMT" time="13.174" errors="0">
  <testcase name="test_Account_Login_Page_Appear_Correct" time="13.174" classname="com.baird.bairdWarnerMainTests.BaseTest"/>
</testsuite> <!-- com.baird.bairdWarnerMainTests.BaseTest -->
