<?xml version="1.0" encoding="UTF-8"?>
<!-- Generated by org.testng.reporters.JUnitReportReporter -->
<testsuite hostname="BrendenT" name="bairdWarnerMainTests.TestAccountLogin" tests="1" failures="0" timestamp="5 Feb 2015 00:40:34 GMT" time="1.507" errors="0">
  <testcase name="test_Account_Login_Page_Appear_Correct" time="1.507" classname="bairdWarnerMainTests.TestAccountLogin"/>
</testsuite> <!-- bairdWarnerMainTests.TestAccountLogin -->
