<?xml version="1.0" encoding="UTF-8"?>
<!-- Generated by org.testng.reporters.JUnitReportReporter -->
<testsuite hostname="BrendenT" name="bairdWarnerMainTests.Testing" tests="1" failures="0" timestamp="26 Jan 2015 21:40:22 GMT" time="7.994" errors="0">
  <testcase name="test_Account_Login_Page_Appear_Correct" time="7.994" classname="bairdWarnerMainTests.Testing"/>
</testsuite> <!-- bairdWarnerMainTests.Testing -->
