<?xml version="1.0" encoding="UTF-8"?>
<!-- Generated by org.testng.reporters.JUnitReportReporter -->
<testsuite hostname="BrendenT" name="com.baird.bairdWarnerMainTests.TestAccountLogin" tests="1" failures="0" timestamp="14 Feb 2015 07:28:18 GMT" time="1.816" errors="0">
  <testcase name="test_Account_Login_Page_Appear_Correct" time="1.816" classname="com.baird.bairdWarnerMainTests.TestAccountLogin"/>
</testsuite> <!-- com.baird.bairdWarnerMainTests.TestAccountLogin -->
