<?xml version="1.0" encoding="UTF-8"?>
<!-- Generated by org.testng.reporters.JUnitReportReporter -->
<testsuite hostname="BrendenT" name="TestNGOnePack.ClassOne" tests="1" failures="0" timestamp="20 Jan 2015 20:01:57 GMT" time="1.131" errors="0">
  <testcase name="testmethodone" time="1.131" classname="TestNGOnePack.ClassOne"/>
</testsuite> <!-- TestNGOnePack.ClassOne -->
