<?xml version="1.0" encoding="UTF-8"?>
<!-- Generated by org.testng.reporters.JUnitReportReporter -->
<testsuite hostname="BrendenT" name="bairdWarnerMainTests.TestAccountLoginFactory" tests="1" failures="0" timestamp="26 Jan 2015 20:41:01 GMT" time="14.161" errors="0">
  <testcase name="test_Account_Login_Page_Appear_Correct" time="14.161" classname="bairdWarnerMainTests.TestAccountLoginFactory"/>
</testsuite> <!-- bairdWarnerMainTests.TestAccountLoginFactory -->
