<?xml version="1.0" encoding="UTF-8"?>
<!-- Generated by org.testng.reporters.JUnitReportReporter -->
<testsuite hostname="BrendenT" name="com.baird.bairdWarnerMainTests.BaseTest" tests="1" failures="0" timestamp="18 Feb 2015 01:44:31 GMT" time="15.939" errors="0">
  <testcase name="test_Account_Login_Page_Appear_Correct" time="15.939" classname="com.baird.bairdWarnerMainTests.BaseTest"/>
</testsuite> <!-- com.baird.bairdWarnerMainTests.BaseTest -->
