<?xml version="1.0" encoding="UTF-8"?>
<!-- Generated by org.testng.reporters.JUnitReportReporter -->
<testsuite hostname="BrendenT" name="com.baird.bairdWarnerMainTests.BaseTestingg" tests="1" failures="0" timestamp="11 Feb 2015 22:48:40 GMT" time="7.322" errors="0">
  <testcase name="test_Account_Login_Page_Appear_Correct" time="7.322" classname="com.baird.bairdWarnerMainTests.BaseTestingg"/>
</testsuite> <!-- com.baird.bairdWarnerMainTests.BaseTestingg -->
