<?xml version="1.0" encoding="UTF-8"?>
<!-- Generated by org.testng.reporters.JUnitReportReporter -->
<testsuite hostname="BrendenT" name="com.booj.base.BaseTesting" tests="1" failures="0" timestamp="11 Feb 2015 21:45:22 GMT" time="11.107" errors="0">
  <testcase name="test_Account_Login_Page_Appear_Correct" time="11.107" classname="com.booj.base.BaseTesting"/>
</testsuite> <!-- com.booj.base.BaseTesting -->
