<?xml version="1.0" encoding="UTF-8"?>
<!-- Generated by org.testng.reporters.JUnitReportReporter -->
<testsuite hostname="Blood_Ocean" name="com.baird.bairdWarnerMainTests.BairdSauceTest" tests="1" failures="0" timestamp="24 Feb 2015 00:17:39 GMT" time="16.436" errors="0">
  <testcase name="test_Account_Login_Page_Appear_Correct" time="16.436" classname="com.baird.bairdWarnerMainTests.BairdSauceTest"/>
</testsuite> <!-- com.baird.bairdWarnerMainTests.BairdSauceTest -->
