<?xml version="1.0" encoding="UTF-8"?>
<!-- Generated by org.testng.reporters.JUnitReportReporter -->
<testsuite hostname="BrendenT" name="com.booj.base.PassTest" tests="1" failures="0" timestamp="25 Feb 2015 05:25:02 GMT" time="19.131" errors="0">
  <testcase name="test_Account_Login_Page_Appear_Correct" time="19.131" classname="com.booj.base.PassTest"/>
</testsuite> <!-- com.booj.base.PassTest -->
