<?xml version="1.0" encoding="UTF-8"?>
<!-- Generated by org.testng.reporters.JUnitReportReporter -->
<testsuite hostname="BrendenT" name="com.baird.bairdWarnerMainTests.Testing" tests="1" failures="0" timestamp="11 Feb 2015 23:36:04 GMT" time="36.391" errors="0">
  <testcase name="test_Account_Login_Page_Appear_Correct" time="36.391" classname="com.baird.bairdWarnerMainTests.Testing"/>
</testsuite> <!-- com.baird.bairdWarnerMainTests.Testing -->
