<?xml version="1.0" encoding="UTF-8"?>
<!-- Generated by org.testng.reporters.JUnitReportReporter -->
<testsuite hostname="BrendenT" name="test.java.Testing" tests="1" failures="0" timestamp="28 Jan 2015 01:29:18 GMT" time="24.692" errors="0">
  <testcase name="test_Account_Login_Page_Appear_Correct" time="24.692" classname="test.java.Testing"/>
</testsuite> <!-- test.java.Testing -->
