<?xml version="1.0" encoding="UTF-8"?>
<!-- Generated by org.testng.reporters.JUnitReportReporter -->
<testsuite hostname="BrendenT" name="com.booj.base.BaseTest" tests="1" failures="0" timestamp="12 Feb 2015 06:01:59 GMT" time="33.041" errors="0">
  <testcase name="test_Account_Login_Page_Appear_Correct" time="33.041" classname="com.booj.base.BaseTest"/>
</testsuite> <!-- com.booj.base.BaseTest -->
